CRITICAL - 2022-12-14 03:42:12 --> Undefined array key "id"
in APPPATH\Views\Panitia.php on line 50.
 1 APPPATH\Views\Panitia.php(50): CodeIgniter\Debug\Exceptions->errorHandler(2, 'Undefined array key "id"', 'APPPATH\\Views\\Panitia.php', 50)
 2 SYSTEMPATH\View\View.php(213): include('APPPATH\\Views\\Panitia.php')
 3 SYSTEMPATH\View\View.php(216): CodeIgniter\View\View->CodeIgniter\View\{closure}()
 4 SYSTEMPATH\Common.php(1134): CodeIgniter\View\View->render('Panitia', [], true)
 5 APPPATH\Controllers\Panitia.php(16): view('Panitia', [...])
 6 SYSTEMPATH\CodeIgniter.php(927): App\Controllers\Panitia->index()
 7 SYSTEMPATH\CodeIgniter.php(482): CodeIgniter\CodeIgniter->runController(Object(App\Controllers\Panitia))
 8 SYSTEMPATH\CodeIgniter.php(351): CodeIgniter\CodeIgniter->handleRequest(null, Object(Config\Cache), false)
 9 FCPATH\index.php(67): CodeIgniter\CodeIgniter->run()
10 SYSTEMPATH\Commands\Server\rewrite.php(46): require_once('FCPATH\\index.php')
CRITICAL - 2022-12-14 03:43:31 --> Undefined variable $Album
in APPPATH\Views\Edit.php on line 31.
 1 APPPATH\Views\Edit.php(31): CodeIgniter\Debug\Exceptions->errorHandler(2, 'Undefined variable $Album', 'APPPATH\\Views\\Edit.php', 31)
 2 SYSTEMPATH\View\View.php(213): include('APPPATH\\Views\\Edit.php')
 3 SYSTEMPATH\View\View.php(216): CodeIgniter\View\View->CodeIgniter\View\{closure}()
 4 SYSTEMPATH\Common.php(1134): CodeIgniter\View\View->render('edit', [], true)
 5 APPPATH\Controllers\Panitia.php(42): view('edit', [...])
 6 SYSTEMPATH\CodeIgniter.php(927): App\Controllers\Panitia->edit('140810210005')
 7 SYSTEMPATH\CodeIgniter.php(482): CodeIgniter\CodeIgniter->runController(Object(App\Controllers\Panitia))
 8 SYSTEMPATH\CodeIgniter.php(351): CodeIgniter\CodeIgniter->handleRequest(null, Object(Config\Cache), false)
 9 FCPATH\index.php(67): CodeIgniter\CodeIgniter->run()
10 SYSTEMPATH\Commands\Server\rewrite.php(46): require_once('FCPATH\\index.php')
CRITICAL - 2022-12-14 03:43:56 --> Undefined variable $Album
in APPPATH\Views\Edit.php on line 31.
 1 APPPATH\Views\Edit.php(31): CodeIgniter\Debug\Exceptions->errorHandler(2, 'Undefined variable $Album', 'APPPATH\\Views\\Edit.php', 31)
 2 SYSTEMPATH\View\View.php(213): include('APPPATH\\Views\\Edit.php')
 3 SYSTEMPATH\View\View.php(216): CodeIgniter\View\View->CodeIgniter\View\{closure}()
 4 SYSTEMPATH\Common.php(1134): CodeIgniter\View\View->render('edit', [], true)
 5 APPPATH\Controllers\Panitia.php(42): view('edit', [...])
 6 SYSTEMPATH\CodeIgniter.php(927): App\Controllers\Panitia->edit('140810210005')
 7 SYSTEMPATH\CodeIgniter.php(482): CodeIgniter\CodeIgniter->runController(Object(App\Controllers\Panitia))
 8 SYSTEMPATH\CodeIgniter.php(351): CodeIgniter\CodeIgniter->handleRequest(null, Object(Config\Cache), false)
 9 FCPATH\index.php(67): CodeIgniter\CodeIgniter->run()
10 SYSTEMPATH\Commands\Server\rewrite.php(46): require_once('FCPATH\\index.php')
CRITICAL - 2022-12-14 03:43:58 --> Undefined variable $Album
in APPPATH\Views\Edit.php on line 31.
 1 APPPATH\Views\Edit.php(31): CodeIgniter\Debug\Exceptions->errorHandler(2, 'Undefined variable $Album', 'APPPATH\\Views\\Edit.php', 31)
 2 SYSTEMPATH\View\View.php(213): include('APPPATH\\Views\\Edit.php')
 3 SYSTEMPATH\View\View.php(216): CodeIgniter\View\View->CodeIgniter\View\{closure}()
 4 SYSTEMPATH\Common.php(1134): CodeIgniter\View\View->render('edit', [], true)
 5 APPPATH\Controllers\Panitia.php(42): view('edit', [...])
 6 SYSTEMPATH\CodeIgniter.php(927): App\Controllers\Panitia->edit('140810210005')
 7 SYSTEMPATH\CodeIgniter.php(482): CodeIgniter\CodeIgniter->runController(Object(App\Controllers\Panitia))
 8 SYSTEMPATH\CodeIgniter.php(351): CodeIgniter\CodeIgniter->handleRequest(null, Object(Config\Cache), false)
 9 FCPATH\index.php(67): CodeIgniter\CodeIgniter->run()
10 SYSTEMPATH\Commands\Server\rewrite.php(46): require_once('FCPATH\\index.php')
ERROR - 2022-12-14 04:03:09 --> mysqli_sql_exception: Duplicate entry '' for key 'PRIMARY' in C:\xampp\htdocs\prakkpemweb-7\system\Database\MySQLi\Connection.php:292
Stack trace:
#0 C:\xampp\htdocs\prakkpemweb-7\system\Database\MySQLi\Connection.php(292): mysqli->query('INSERT INTO `us...', 0)
#1 C:\xampp\htdocs\prakkpemweb-7\system\Database\BaseConnection.php(666): CodeIgniter\Database\MySQLi\Connection->execute('INSERT INTO `us...')
#2 C:\xampp\htdocs\prakkpemweb-7\system\Database\BaseConnection.php(593): CodeIgniter\Database\BaseConnection->simpleQuery('INSERT INTO `us...')
#3 C:\xampp\htdocs\prakkpemweb-7\system\Database\BaseBuilder.php(1916): CodeIgniter\Database\BaseConnection->query('INSERT INTO `us...', Array, false)
#4 C:\xampp\htdocs\prakkpemweb-7\system\Model.php(279): CodeIgniter\Database\BaseBuilder->insert()
#5 C:\xampp\htdocs\prakkpemweb-7\system\BaseModel.php(749): CodeIgniter\Model->doInsert(Array)
#6 C:\xampp\htdocs\prakkpemweb-7\system\Model.php(667): CodeIgniter\BaseModel->insert(Array, false)
#7 C:\xampp\htdocs\prakkpemweb-7\system\BaseModel.php(659): CodeIgniter\Model->insert(Array, false)
#8 C:\xampp\htdocs\prakkpemweb-7\app\Controllers\Auth.php(66): CodeIgniter\BaseModel->save(Array)
#9 C:\xampp\htdocs\prakkpemweb-7\system\CodeIgniter.php(927): App\Controllers\Auth->register()
#10 C:\xampp\htdocs\prakkpemweb-7\system\CodeIgniter.php(482): CodeIgniter\CodeIgniter->runController(Object(App\Controllers\Auth))
#11 C:\xampp\htdocs\prakkpemweb-7\system\CodeIgniter.php(351): CodeIgniter\CodeIgniter->handleRequest(NULL, Object(Config\Cache), false)
#12 C:\xampp\htdocs\prakkpemweb-7\public\index.php(67): CodeIgniter\CodeIgniter->run()
#13 C:\xampp\htdocs\prakkpemweb-7\system\Commands\Server\rewrite.php(46): require_once('C:\\xampp\\htdocs...')
#14 {main}
CRITICAL - 2022-12-14 04:03:09 --> Duplicate entry '' for key 'PRIMARY'
in SYSTEMPATH\Database\MySQLi\Connection.php on line 292.
 1 SYSTEMPATH\Database\MySQLi\Connection.php(292): mysqli->query('INSERT INTO `users` (`email`, `password`) VALUES (\'aliya21003@mail.unpad\', \'$2y$10$abR2q2xE0kCByVXt4VzpUOa3M6n2Z9EiFCpyq3ydVSYWSjfYQiwaq\')', 0)
 2 SYSTEMPATH\Database\BaseConnection.php(666): CodeIgniter\Database\MySQLi\Connection->execute('INSERT INTO `users` (`email`, `password`) VALUES (\'aliya21003@mail.unpad\', \'$2y$10$abR2q2xE0kCByVXt4VzpUOa3M6n2Z9EiFCpyq3ydVSYWSjfYQiwaq\')')
 3 SYSTEMPATH\Database\BaseConnection.php(593): CodeIgniter\Database\BaseConnection->simpleQuery('INSERT INTO `users` (`email`, `password`) VALUES (\'aliya21003@mail.unpad\', \'$2y$10$abR2q2xE0kCByVXt4VzpUOa3M6n2Z9EiFCpyq3ydVSYWSjfYQiwaq\')')
 4 SYSTEMPATH\Database\BaseBuilder.php(1916): CodeIgniter\Database\BaseConnection->query('INSERT INTO `users` (`email`, `password`) VALUES (:email:, :password:)', [...], false)
 5 SYSTEMPATH\Model.php(279): CodeIgniter\Database\BaseBuilder->insert()
 6 SYSTEMPATH\BaseModel.php(749): CodeIgniter\Model->doInsert([...])
 7 SYSTEMPATH\Model.php(667): CodeIgniter\BaseModel->insert([...], false)
 8 SYSTEMPATH\BaseModel.php(659): CodeIgniter\Model->insert([...], false)
 9 APPPATH\Controllers\Auth.php(66): CodeIgniter\BaseModel->save([...])
10 SYSTEMPATH\CodeIgniter.php(927): App\Controllers\Auth->register()
11 SYSTEMPATH\CodeIgniter.php(482): CodeIgniter\CodeIgniter->runController(Object(App\Controllers\Auth))
12 SYSTEMPATH\CodeIgniter.php(351): CodeIgniter\CodeIgniter->handleRequest(null, Object(Config\Cache), false)
13 FCPATH\index.php(67): CodeIgniter\CodeIgniter->run()
14 SYSTEMPATH\Commands\Server\rewrite.php(46): require_once('FCPATH\\index.php')
ERROR - 2022-12-14 04:04:07 --> mysqli_sql_exception: Duplicate entry '' for key 'PRIMARY' in C:\xampp\htdocs\prakkpemweb-7\system\Database\MySQLi\Connection.php:292
Stack trace:
#0 C:\xampp\htdocs\prakkpemweb-7\system\Database\MySQLi\Connection.php(292): mysqli->query('INSERT INTO `us...', 0)
#1 C:\xampp\htdocs\prakkpemweb-7\system\Database\BaseConnection.php(666): CodeIgniter\Database\MySQLi\Connection->execute('INSERT INTO `us...')
#2 C:\xampp\htdocs\prakkpemweb-7\system\Database\BaseConnection.php(593): CodeIgniter\Database\BaseConnection->simpleQuery('INSERT INTO `us...')
#3 C:\xampp\htdocs\prakkpemweb-7\system\Database\BaseBuilder.php(1916): CodeIgniter\Database\BaseConnection->query('INSERT INTO `us...', Array, false)
#4 C:\xampp\htdocs\prakkpemweb-7\system\Model.php(279): CodeIgniter\Database\BaseBuilder->insert()
#5 C:\xampp\htdocs\prakkpemweb-7\system\BaseModel.php(749): CodeIgniter\Model->doInsert(Array)
#6 C:\xampp\htdocs\prakkpemweb-7\system\Model.php(667): CodeIgniter\BaseModel->insert(Array, false)
#7 C:\xampp\htdocs\prakkpemweb-7\system\BaseModel.php(659): CodeIgniter\Model->insert(Array, false)
#8 C:\xampp\htdocs\prakkpemweb-7\app\Controllers\Auth.php(66): CodeIgniter\BaseModel->save(Array)
#9 C:\xampp\htdocs\prakkpemweb-7\system\CodeIgniter.php(927): App\Controllers\Auth->register()
#10 C:\xampp\htdocs\prakkpemweb-7\system\CodeIgniter.php(482): CodeIgniter\CodeIgniter->runController(Object(App\Controllers\Auth))
#11 C:\xampp\htdocs\prakkpemweb-7\system\CodeIgniter.php(351): CodeIgniter\CodeIgniter->handleRequest(NULL, Object(Config\Cache), false)
#12 C:\xampp\htdocs\prakkpemweb-7\public\index.php(67): CodeIgniter\CodeIgniter->run()
#13 C:\xampp\htdocs\prakkpemweb-7\system\Commands\Server\rewrite.php(46): require_once('C:\\xampp\\htdocs...')
#14 {main}
CRITICAL - 2022-12-14 04:04:07 --> Duplicate entry '' for key 'PRIMARY'
in SYSTEMPATH\Database\MySQLi\Connection.php on line 292.
 1 SYSTEMPATH\Database\MySQLi\Connection.php(292): mysqli->query('INSERT INTO `users` (`email`, `password`) VALUES (\'aliya21003@mail.unpad\', \'$2y$10$cEWKNbIXoRh1whSNohTBIOvROIrh4D56UpHa9EoK5qUbdB438DtoK\')', 0)
 2 SYSTEMPATH\Database\BaseConnection.php(666): CodeIgniter\Database\MySQLi\Connection->execute('INSERT INTO `users` (`email`, `password`) VALUES (\'aliya21003@mail.unpad\', \'$2y$10$cEWKNbIXoRh1whSNohTBIOvROIrh4D56UpHa9EoK5qUbdB438DtoK\')')
 3 SYSTEMPATH\Database\BaseConnection.php(593): CodeIgniter\Database\BaseConnection->simpleQuery('INSERT INTO `users` (`email`, `password`) VALUES (\'aliya21003@mail.unpad\', \'$2y$10$cEWKNbIXoRh1whSNohTBIOvROIrh4D56UpHa9EoK5qUbdB438DtoK\')')
 4 SYSTEMPATH\Database\BaseBuilder.php(1916): CodeIgniter\Database\BaseConnection->query('INSERT INTO `users` (`email`, `password`) VALUES (:email:, :password:)', [...], false)
 5 SYSTEMPATH\Model.php(279): CodeIgniter\Database\BaseBuilder->insert()
 6 SYSTEMPATH\BaseModel.php(749): CodeIgniter\Model->doInsert([...])
 7 SYSTEMPATH\Model.php(667): CodeIgniter\BaseModel->insert([...], false)
 8 SYSTEMPATH\BaseModel.php(659): CodeIgniter\Model->insert([...], false)
 9 APPPATH\Controllers\Auth.php(66): CodeIgniter\BaseModel->save([...])
10 SYSTEMPATH\CodeIgniter.php(927): App\Controllers\Auth->register()
11 SYSTEMPATH\CodeIgniter.php(482): CodeIgniter\CodeIgniter->runController(Object(App\Controllers\Auth))
12 SYSTEMPATH\CodeIgniter.php(351): CodeIgniter\CodeIgniter->handleRequest(null, Object(Config\Cache), false)
13 FCPATH\index.php(67): CodeIgniter\CodeIgniter->run()
14 SYSTEMPATH\Commands\Server\rewrite.php(46): require_once('FCPATH\\index.php')
ERROR - 2022-12-14 04:07:32 --> mysqli_sql_exception: Duplicate entry '' for key 'PRIMARY' in C:\xampp\htdocs\prakkpemweb-7\system\Database\MySQLi\Connection.php:292
Stack trace:
#0 C:\xampp\htdocs\prakkpemweb-7\system\Database\MySQLi\Connection.php(292): mysqli->query('INSERT INTO `us...', 0)
#1 C:\xampp\htdocs\prakkpemweb-7\system\Database\BaseConnection.php(666): CodeIgniter\Database\MySQLi\Connection->execute('INSERT INTO `us...')
#2 C:\xampp\htdocs\prakkpemweb-7\system\Database\BaseConnection.php(593): CodeIgniter\Database\BaseConnection->simpleQuery('INSERT INTO `us...')
#3 C:\xampp\htdocs\prakkpemweb-7\system\Database\BaseBuilder.php(1916): CodeIgniter\Database\BaseConnection->query('INSERT INTO `us...', Array, false)
#4 C:\xampp\htdocs\prakkpemweb-7\system\Model.php(279): CodeIgniter\Database\BaseBuilder->insert()
#5 C:\xampp\htdocs\prakkpemweb-7\system\BaseModel.php(749): CodeIgniter\Model->doInsert(Array)
#6 C:\xampp\htdocs\prakkpemweb-7\system\Model.php(667): CodeIgniter\BaseModel->insert(Array, false)
#7 C:\xampp\htdocs\prakkpemweb-7\system\BaseModel.php(659): CodeIgniter\Model->insert(Array, false)
#8 C:\xampp\htdocs\prakkpemweb-7\app\Controllers\Auth.php(66): CodeIgniter\BaseModel->save(Array)
#9 C:\xampp\htdocs\prakkpemweb-7\system\CodeIgniter.php(927): App\Controllers\Auth->register()
#10 C:\xampp\htdocs\prakkpemweb-7\system\CodeIgniter.php(482): CodeIgniter\CodeIgniter->runController(Object(App\Controllers\Auth))
#11 C:\xampp\htdocs\prakkpemweb-7\system\CodeIgniter.php(351): CodeIgniter\CodeIgniter->handleRequest(NULL, Object(Config\Cache), false)
#12 C:\xampp\htdocs\prakkpemweb-7\public\index.php(67): CodeIgniter\CodeIgniter->run()
#13 C:\xampp\htdocs\prakkpemweb-7\system\Commands\Server\rewrite.php(46): require_once('C:\\xampp\\htdocs...')
#14 {main}
CRITICAL - 2022-12-14 04:07:32 --> Duplicate entry '' for key 'PRIMARY'
in SYSTEMPATH\Database\MySQLi\Connection.php on line 292.
 1 SYSTEMPATH\Database\MySQLi\Connection.php(292): mysqli->query('INSERT INTO `users` (`email`, `password`) VALUES (\'aliya21003@mail.unpad\', \'$2y$10$6kXNJ8oXT7MF7L2JoAZQquC5uvzrHpNnD7LKXaQMEo0b.ig36c0Ze\')', 0)
 2 SYSTEMPATH\Database\BaseConnection.php(666): CodeIgniter\Database\MySQLi\Connection->execute('INSERT INTO `users` (`email`, `password`) VALUES (\'aliya21003@mail.unpad\', \'$2y$10$6kXNJ8oXT7MF7L2JoAZQquC5uvzrHpNnD7LKXaQMEo0b.ig36c0Ze\')')
 3 SYSTEMPATH\Database\BaseConnection.php(593): CodeIgniter\Database\BaseConnection->simpleQuery('INSERT INTO `users` (`email`, `password`) VALUES (\'aliya21003@mail.unpad\', \'$2y$10$6kXNJ8oXT7MF7L2JoAZQquC5uvzrHpNnD7LKXaQMEo0b.ig36c0Ze\')')
 4 SYSTEMPATH\Database\BaseBuilder.php(1916): CodeIgniter\Database\BaseConnection->query('INSERT INTO `users` (`email`, `password`) VALUES (:email:, :password:)', [...], false)
 5 SYSTEMPATH\Model.php(279): CodeIgniter\Database\BaseBuilder->insert()
 6 SYSTEMPATH\BaseModel.php(749): CodeIgniter\Model->doInsert([...])
 7 SYSTEMPATH\Model.php(667): CodeIgniter\BaseModel->insert([...], false)
 8 SYSTEMPATH\BaseModel.php(659): CodeIgniter\Model->insert([...], false)
 9 APPPATH\Controllers\Auth.php(66): CodeIgniter\BaseModel->save([...])
10 SYSTEMPATH\CodeIgniter.php(927): App\Controllers\Auth->register()
11 SYSTEMPATH\CodeIgniter.php(482): CodeIgniter\CodeIgniter->runController(Object(App\Controllers\Auth))
12 SYSTEMPATH\CodeIgniter.php(351): CodeIgniter\CodeIgniter->handleRequest(null, Object(Config\Cache), false)
13 FCPATH\index.php(67): CodeIgniter\CodeIgniter->run()
14 SYSTEMPATH\Commands\Server\rewrite.php(46): require_once('FCPATH\\index.php')
